<?xml version="1.0"?>
<!DOCTYPE coverage SYSTEM "http://cobertura.sourceforge.net/xml/coverage-04.dtd">

<coverage line-rate="1.0" branch-rate="1.0" lines-covered="2" lines-valid="2" branches-covered="0" branches-valid="0" complexity="1.0" version="2.0.3" timestamp="1527222472906">
	<sources>
		<source>C:/Users/AHAREEN/workspace/JenkinsDemo/src/main/java</source>
		<source>--source</source>
	</sources>
	<packages>
		<package name="" line-rate="1.0" branch-rate="1.0" complexity="1.0">
			<classes>
				<class name="Mathamatical" filename="Mathamatical.java" line-rate="1.0" branch-rate="1.0" complexity="1.0">
					<methods>
						<method name="&lt;init&gt;" signature="()V" line-rate="1.0" branch-rate="1.0">
							<lines>
								<line number="2" hits="2" branch="false"/>
							</lines>
						</method>
						<method name="add" signature="(II)I" line-rate="1.0" branch-rate="1.0">
							<lines>
								<line number="7" hits="2" branch="false"/>
							</lines>
						</method>
					</methods>
					<lines>
						<line number="2" hits="2" branch="false"/>
						<line number="7" hits="2" branch="false"/>
					</lines>
				</class>
			</classes>
		</package>
	</packages>
</coverage>
